Using pre-set license
Built from '2021.3/staging' branch; Version is '2021.3.22f1 (b6c551784ba3) revision 11978065'; Using compiler version '192829333'; Build Type 'Release'
OS: 'Windows 10  (10.0.19045) 64bit Professional' Language: 'ko' Physical Memory: 16266 MB
BatchMode: 1, IsHumanControllingUs: 0, StartBugReporterOnCrash: 0, Is64bit: 1, IsPro: 1

COMMAND LINE ARGUMENTS:
C:\Program Files\Unity\Hub\Editor\2021.3.22f1\Editor\Unity.exe
-adb2
-batchMode
-noUpm
-name
AssetImportWorker1
-projectPath
D:/Unity/Zombie_Survival/Zombie-Survival
-logFile
Logs/AssetImportWorker1.log
-srvPort
59710
Successfully changed project path to: D:/Unity/Zombie_Survival/Zombie-Survival
D:/Unity/Zombie_Survival/Zombie-Survival
[UnityMemory] Configuration Parameters - Can be set up in boot.config
    "memorysetup-bucket-allocator-granularity=16"
    "memorysetup-bucket-allocator-bucket-count=8"
    "memorysetup-bucket-allocator-block-size=33554432"
    "memorysetup-bucket-allocator-block-count=8"
    "memorysetup-main-allocator-block-size=16777216"
    "memorysetup-thread-allocator-block-size=16777216"
    "memorysetup-gfx-main-allocator-block-size=16777216"
    "memorysetup-gfx-thread-allocator-block-size=16777216"
    "memorysetup-cache-allocator-block-size=4194304"
    "memorysetup-typetree-allocator-block-size=2097152"
    "memorysetup-profiler-bucket-allocator-granularity=16"
    "memorysetup-profiler-bucket-allocator-bucket-count=8"
    "memorysetup-profiler-bucket-allocator-block-size=33554432"
    "memorysetup-profiler-bucket-allocator-block-count=8"
    "memorysetup-profiler-allocator-block-size=16777216"
    "memorysetup-profiler-editor-allocator-block-size=1048576"
    "memorysetup-temp-allocator-size-main=16777216"
    "memorysetup-job-temp-allocator-block-size=2097152"
    "memorysetup-job-temp-allocator-block-size-background=1048576"
    "memorysetup-job-temp-allocator-reduction-small-platforms=262144"
    "memorysetup-temp-allocator-size-background-worker=32768"
    "memorysetup-temp-allocator-size-job-worker=262144"
    "memorysetup-temp-allocator-size-preload-manager=33554432"
    "memorysetup-temp-allocator-size-nav-mesh-worker=65536"
    "memorysetup-temp-allocator-size-audio-worker=65536"
    "memorysetup-temp-allocator-size-cloud-worker=32768"
    "memorysetup-temp-allocator-size-gi-baking-worker=262144"
    "memorysetup-temp-allocator-size-gfx=262144"
Player connection [4760] Host "[IP] 192.168.0.64 [Port] 0 [Flags] 2 [Guid] 1286631649 [EditorId] 1286631649 [Version] 1048832 [Id] WindowsEditor(7,301-06) [Debug] 1 [PackageName] WindowsEditor [ProjectName] Editor" joined multi-casting on [225.0.0.222:54997]...

Player connection [4760] Host "[IP] 192.168.0.64 [Port] 0 [Flags] 2 [Guid] 1286631649 [EditorId] 1286631649 [Version] 1048832 [Id] WindowsEditor(7,301-06) [Debug] 1 [PackageName] WindowsEditor [ProjectName] Editor" joined alternative multi-casting on [225.0.0.222:34997]...

Refreshing native plugins compatible for Editor in 115.78 ms, found 3 plugins.
Preloading 0 native plugins for Editor in 0.00 ms.
Initialize engine version: 2021.3.22f1 (b6c551784ba3)
[Subsystems] Discovering subsystems at path C:/Program Files/Unity/Hub/Editor/2021.3.22f1/Editor/Data/Resources/UnitySubsystems
[Subsystems] Discovering subsystems at path D:/Unity/Zombie_Survival/Zombie-Survival/Assets
GfxDevice: creating device client; threaded=0; jobified=0
Direct3D:
    Version:  Direct3D 11.0 [level 11.1]
    Renderer: NVIDIA GeForce GTX 1060 3GB (ID=0x1c02)
    Vendor:   NVIDIA
    VRAM:     2988 MB
    Driver:   31.0.15.1694
Initialize mono
Mono path[0] = 'C:/Program Files/Unity/Hub/Editor/2021.3.22f1/Editor/Data/Managed'
Mono path[1] = 'C:/Program Files/Unity/Hub/Editor/2021.3.22f1/Editor/Data/MonoBleedingEdge/lib/mono/unityjit-win32'
Mono config path = 'C:/Program Files/Unity/Hub/Editor/2021.3.22f1/Editor/Data/MonoBleedingEdge/etc'
Using monoOptions --debugger-agent=transport=dt_socket,embedding=1,server=y,suspend=n,address=127.0.0.1:56796
Begin MonoManager ReloadAssembly
Registering precompiled unity dll's ...
Register platform support module: C:/Program Files/Unity/Hub/Editor/2021.3.22f1/Editor/Data/PlaybackEngines/AndroidPlayer/UnityEditor.Android.Extensions.dll
Register platform support module: C:/Program Files/Unity/Hub/Editor/2021.3.22f1/Editor/Data/PlaybackEngines/WindowsStandaloneSupport/UnityEditor.WindowsStandalone.Extensions.dll
Registered in 0.011135 seconds.
Native extension for WindowsStandalone target not found
Native extension for Android target not found
Android Extension - Scanning For ADB Devices 310 ms
Refreshing native plugins compatible for Editor in 110.03 ms, found 3 plugins.
Preloading 0 native plugins for Editor in 0.00 ms.
Mono: successfully reloaded assembly
- Completed reload, in  1.144 seconds
Domain Reload Profiling:
	ReloadAssembly (1145ms)
		BeginReloadAssembly (104ms)
			ExecutionOrderSort (0ms)
			DisableScriptedObjects (0ms)
			BackupInstance (0ms)
			ReleaseScriptingObjects (0ms)
			CreateAndSetChildDomain (1ms)
		EndReloadAssembly (912ms)
			LoadAssemblies (102ms)
			RebuildTransferFunctionScriptingTraits (0ms)
			SetupTypeCache (145ms)
			ReleaseScriptCaches (0ms)
			RebuildScriptCaches (33ms)
			SetupLoadedEditorAssemblies (674ms)
				LogAssemblyErrors (0ms)
				InitializePlatformSupportModulesInManaged (385ms)
				SetLoadedEditorAssemblies (0ms)
				RefreshPlugins (110ms)
				BeforeProcessingInitializeOnLoad (1ms)
				ProcessInitializeOnLoadAttributes (121ms)
				ProcessInitializeOnLoadMethodAttributes (56ms)
				AfterProcessingInitializeOnLoad (0ms)
				EditorAssembliesLoaded (0ms)
			ExecutionOrderSort2 (0ms)
			AwakeInstancesAfterBackupRestoration (0ms)
Platform modules already initialized, skipping
Registering precompiled user dll's ...
Registered in 0.004566 seconds.
Begin MonoManager ReloadAssembly
Symbol file LoadedFromMemory doesn't match image D:\Unity\Zombie_Survival\Zombie-Survival\Library\PackageCache\com.unity.visualscripting@1.8.0\Editor\VisualScripting.Core\Dependencies\YamlDotNet\Unity.VisualScripting.YamlDotNet.dll
Symbol file LoadedFromMemory doesn't match image D:\Unity\Zombie_Survival\Zombie-Survival\Library\PackageCache\com.unity.visualscripting@1.8.0\Editor\VisualScripting.Core\Dependencies\DotNetZip\Unity.VisualScripting.IonicZip.dll
Native extension for WindowsStandalone target not found
Native extension for Android target not found
Refreshing native plugins compatible for Editor in 0.57 ms, found 3 plugins.
Preloading 0 native plugins for Editor in 0.00 ms.
Mono: successfully reloaded assembly
- Completed reload, in  1.316 seconds
Domain Reload Profiling:
	ReloadAssembly (1317ms)
		BeginReloadAssembly (140ms)
			ExecutionOrderSort (0ms)
			DisableScriptedObjects (7ms)
			BackupInstance (0ms)
			ReleaseScriptingObjects (0ms)
			CreateAndSetChildDomain (22ms)
		EndReloadAssembly (1042ms)
			LoadAssemblies (107ms)
			RebuildTransferFunctionScriptingTraits (0ms)
			SetupTypeCache (367ms)
			ReleaseScriptCaches (1ms)
			RebuildScriptCaches (76ms)
			SetupLoadedEditorAssemblies (447ms)
				LogAssemblyErrors (0ms)
				InitializePlatformSupportModulesInManaged (21ms)
				SetLoadedEditorAssemblies (0ms)
				RefreshPlugins (1ms)
				BeforeProcessingInitializeOnLoad (110ms)
				ProcessInitializeOnLoadAttributes (282ms)
				ProcessInitializeOnLoadMethodAttributes (23ms)
				AfterProcessingInitializeOnLoad (10ms)
				EditorAssembliesLoaded (0ms)
			ExecutionOrderSort2 (0ms)
			AwakeInstancesAfterBackupRestoration (8ms)
Platform modules already initialized, skipping
========================================================================
Worker process is ready to serve import requests
Launched and connected shader compiler UnityShaderCompiler.exe after 0.05 seconds
Refreshing native plugins compatible for Editor in 0.87 ms, found 3 plugins.
Preloading 0 native plugins for Editor in 0.00 ms.
Unloading 3339 Unused Serialized files (Serialized files now loaded: 0)
Unloading 49 unused Assets / (1.4 MB). Loaded Objects now: 3791.
Memory consumption went from 202.1 MB to 200.7 MB.
Total: 7.656600 ms (FindLiveObjects: 0.463800 ms CreateObjectMapping: 0.319300 ms MarkObjects: 6.148900 ms  DeleteObjects: 0.723500 ms)

AssetImportParameters requested are different than current active one (requested -> active):
  custom:video-decoder-ogg-theora: a1e56fd34408186e4bbccfd4996cb3dc -> 
  custom:container-muxer-webm: aa71ff27fc2769a1b78a27578f13a17b -> 
  custom:container-demuxer-webm: 4f35f7cbe854078d1ac9338744f61a02 -> 
  custom:video-encoder-webm-vp8: eb34c28f22e8b96e1ab97ce403110664 -> 
  custom:audio-encoder-webm-vorbis: bf7c407c2cedff20999df2af8eb42d56 -> 
  custom:framework-win-MediaFoundation: 216162199b28c13a410421893ffa2e32 -> 
  custom:container-demuxer-ogg: 62fdf1f143b41e24485cea50d1cbac27 -> 
  custom:video-decoder-webm-vp8: 9c59270c3fd7afecdb556c50c9e8de78 -> 
  custom:audio-decoder-ogg-vorbis: bf7c407c2cedff20999df2af8eb42d56 -> 
========================================================================
Received Import Request.
  Time since last request: 2399047.068036 seconds.
  path: Assets/05.Animations/Zombie Animator.controller
  artifactKey: Guid(8eebe7519312a5c4eaeed6cd5ebb0411) Importer(815301076,1909f56bfc062723c751e8b465ee728b)
Start importing Assets/05.Animations/Zombie Animator.controller using Guid(8eebe7519312a5c4eaeed6cd5ebb0411) Importer(815301076,1909f56bfc062723c751e8b465ee728b)  -> (artifact id: 'fd37e604225b946866f6e74d2bfa2cfc') in 0.254879 seconds 
========================================================================
Received Import Request.
  Time since last request: 1343.112516 seconds.
  path: Assets/00.Scenes/Main Lighting Settings.lighting
  artifactKey: Guid(a68ee376895270f42b06376f9f37f5a7) Importer(2089858483,0ecaa5967403d082aa24f35e1b516d23)
Start importing Assets/00.Scenes/Main Lighting Settings.lighting using Guid(a68ee376895270f42b06376f9f37f5a7) Importer(2089858483,0ecaa5967403d082aa24f35e1b516d23) Generated GUIDs only implemented for interfaces!
 -> (artifact id: 'e3f0bb8f7c1883ae6a5401114aa9f15a') in 0.172289 seconds 
========================================================================
Received Import Request.
  Time since last request: 0.000033 seconds.
  path: Assets/00.Scenes/Main/Lightmap-0_comp_shadowmask.png
  artifactKey: Guid(538043a021cd0b54d8a7ffc0c4e92ce9) Importer(2089858483,0ecaa5967403d082aa24f35e1b516d23)
Start importing Assets/00.Scenes/Main/Lightmap-0_comp_shadowmask.png using Guid(538043a021cd0b54d8a7ffc0c4e92ce9) Importer(2089858483,0ecaa5967403d082aa24f35e1b516d23) Generated GUIDs only implemented for interfaces!
 -> (artifact id: '14c72e44f3063c28fdfbb97639ab0a7e') in 0.071882 seconds 
========================================================================
Received Import Request.
  Time since last request: 0.000034 seconds.
  path: Assets/04.Materials/Zombie.mat
  artifactKey: Guid(d484612fe758741428a5f2f4cd4a9109) Importer(2089858483,0ecaa5967403d082aa24f35e1b516d23)
Start importing Assets/04.Materials/Zombie.mat using Guid(d484612fe758741428a5f2f4cd4a9109) Importer(2089858483,0ecaa5967403d082aa24f35e1b516d23) Generated GUIDs only implemented for interfaces!
 -> (artifact id: '1f76540f2b00f235c2377ac7fd9343a6') in 0.124088 seconds 
========================================================================
Received Import Request.
  Time since last request: 0.000024 seconds.
  path: Assets/05.Animations/Player Animator.controller
  artifactKey: Guid(18665cc9b48936849bb4edb0fc09f6c0) Importer(2089858483,0ecaa5967403d082aa24f35e1b516d23)
Start importing Assets/05.Animations/Player Animator.controller using Guid(18665cc9b48936849bb4edb0fc09f6c0) Importer(2089858483,0ecaa5967403d082aa24f35e1b516d23) Generated GUIDs only implemented for interfaces!
 -> (artifact id: '0c61f88272e8ae60c17fb042ffd0b270') in 0.010105 seconds 
========================================================================
Received Import Request.
  Time since last request: 0.000023 seconds.
  path: Assets/04.Materials/woodDark.mat
  artifactKey: Guid(278da1abbff7f8a43be831b7d1b6db0a) Importer(2089858483,0ecaa5967403d082aa24f35e1b516d23)
Start importing Assets/04.Materials/woodDark.mat using Guid(278da1abbff7f8a43be831b7d1b6db0a) Importer(2089858483,0ecaa5967403d082aa24f35e1b516d23) Generated GUIDs only implemented for interfaces!
 -> (artifact id: '6750c9162b5497dc7ee7c45b911f3222') in 0.012011 seconds 
========================================================================
Received Import Request.
  Time since last request: 0.000024 seconds.
  path: Assets/05.Animations/Human Death.anim
  artifactKey: Guid(85e9d7cbab6dbe74eb1b9b4ff8bf34d8) Importer(2089858483,0ecaa5967403d082aa24f35e1b516d23)
Start importing Assets/05.Animations/Human Death.anim using Guid(85e9d7cbab6dbe74eb1b9b4ff8bf34d8) Importer(2089858483,0ecaa5967403d082aa24f35e1b516d23) Generated GUIDs only implemented for interfaces!
 -> (artifact id: '3abff5740b48bbb121fbcc8bf807973b') in 0.060496 seconds 
========================================================================
Received Import Request.
  Time since last request: 0.000027 seconds.
  path: Assets/06.Textures/WomanSkin.png
  artifactKey: Guid(4d46cb08a42e04c61898960ab0184dcd) Importer(2089858483,0ecaa5967403d082aa24f35e1b516d23)
Start importing Assets/06.Textures/WomanSkin.png using Guid(4d46cb08a42e04c61898960ab0184dcd) Importer(2089858483,0ecaa5967403d082aa24f35e1b516d23) Generated GUIDs only implemented for interfaces!
 -> (artifact id: '54926fc0c3cc0d741e5f0f44201323f8') in 0.021487 seconds 
========================================================================
Received Import Request.
  Time since last request: 0.000031 seconds.
  path: Assets/03.Models/Level Art/gravestoneCrossLarge.fbx
  artifactKey: Guid(36bd0a8f119004146bec6ffe13af2bd9) Importer(2089858483,0ecaa5967403d082aa24f35e1b516d23)
Start importing Assets/03.Models/Level Art/gravestoneCrossLarge.fbx using Guid(36bd0a8f119004146bec6ffe13af2bd9) Importer(2089858483,0ecaa5967403d082aa24f35e1b516d23) Generated GUIDs only implemented for interfaces!
 -> (artifact id: '8d9a62cba155fea22031ed582ca37467') in 0.060792 seconds 
========================================================================
Received Import Request.
  Time since last request: 0.000019 seconds.
  path: Assets/08.Audios/Zombie Die.wav
  artifactKey: Guid(b86f03005ed394911b43027aeaaedeb7) Importer(2089858483,0ecaa5967403d082aa24f35e1b516d23)
Start importing Assets/08.Audios/Zombie Die.wav using Guid(b86f03005ed394911b43027aeaaedeb7) Importer(2089858483,0ecaa5967403d082aa24f35e1b516d23) Generated GUIDs only implemented for interfaces!
 -> (artifact id: '9b062e534aa801ff95f97f5bc9ae3f21') in 0.162291 seconds 
========================================================================
Received Import Request.
  Time since last request: 0.000023 seconds.
  path: Assets/04.Materials/EmbersParticle.mat
  artifactKey: Guid(776677ab3818fb249adaca05f4e04545) Importer(2089858483,0ecaa5967403d082aa24f35e1b516d23)
Start importing Assets/04.Materials/EmbersParticle.mat using Guid(776677ab3818fb249adaca05f4e04545) Importer(2089858483,0ecaa5967403d082aa24f35e1b516d23) Generated GUIDs only implemented for interfaces!
 -> (artifact id: '04a62215b35c0fa027c7eb379c65c4d2') in 0.029663 seconds 
========================================================================
Received Import Request.
  Time since last request: 0.000033 seconds.
  path: Assets/03.Models/Level Art/gravestoneWide.fbx
  artifactKey: Guid(d904ab7766677954586177fad262727a) Importer(2089858483,0ecaa5967403d082aa24f35e1b516d23)
Start importing Assets/03.Models/Level Art/gravestoneWide.fbx using Guid(d904ab7766677954586177fad262727a) Importer(2089858483,0ecaa5967403d082aa24f35e1b516d23) Generated GUIDs only implemented for interfaces!
 -> (artifact id: '30347e1635fde781690bcb24b1af5984') in 0.033429 seconds 
========================================================================
Received Import Request.
  Time since last request: 0.000020 seconds.
  path: Assets/06.Textures/ZombieSkin.png
  artifactKey: Guid(ef99e0ff31f774335a1a35c9038a915b) Importer(2089858483,0ecaa5967403d082aa24f35e1b516d23)
Start importing Assets/06.Textures/ZombieSkin.png using Guid(ef99e0ff31f774335a1a35c9038a915b) Importer(2089858483,0ecaa5967403d082aa24f35e1b516d23) Generated GUIDs only implemented for interfaces!
 -> (artifact id: '629e7f4934337cbe9a9f400a4b54dda4') in 0.023708 seconds 
========================================================================
Received Import Request.
  Time since last request: 0.000025 seconds.
  path: Assets/05.Animations/Aim Idle.anim
  artifactKey: Guid(e5cfc0338b75c5f4c94f142b2aca2d3a) Importer(2089858483,0ecaa5967403d082aa24f35e1b516d23)
Start importing Assets/05.Animations/Aim Idle.anim using Guid(e5cfc0338b75c5f4c94f142b2aca2d3a) Importer(2089858483,0ecaa5967403d082aa24f35e1b516d23) Generated GUIDs only implemented for interfaces!
 -> (artifact id: '6e7c90c82615e789772958caa1a1cdee') in 0.072857 seconds 
========================================================================
Received Import Request.
  Time since last request: 0.000021 seconds.
  path: Assets/03.Models/Level Art/fenceStone.fbx
  artifactKey: Guid(64d7a7ae5b3cb1a46afdc8fa2eea424c) Importer(2089858483,0ecaa5967403d082aa24f35e1b516d23)
Start importing Assets/03.Models/Level Art/fenceStone.fbx using Guid(64d7a7ae5b3cb1a46afdc8fa2eea424c) Importer(2089858483,0ecaa5967403d082aa24f35e1b516d23) Generated GUIDs only implemented for interfaces!
 -> (artifact id: '6787eccaa62094c9cc925aed19aa7f5a') in 0.034011 seconds 
========================================================================
Received Import Request.
  Time since last request: 0.000024 seconds.
  path: Assets/03.Models/Level Art/fenceIron.fbx
  artifactKey: Guid(4489514464f1d524585fb237a498b1a4) Importer(2089858483,0ecaa5967403d082aa24f35e1b516d23)
Start importing Assets/03.Models/Level Art/fenceIron.fbx using Guid(4489514464f1d524585fb237a498b1a4) Importer(2089858483,0ecaa5967403d082aa24f35e1b516d23) Generated GUIDs only implemented for interfaces!
 -> (artifact id: '993fa1b88e6bb48628960d7307bd8c0f') in 0.045561 seconds 
========================================================================
Received Import Request.
  Time since last request: 0.000035 seconds.
  path: Assets/03.Models/Level Art/shovel.fbx
  artifactKey: Guid(87f0eb128dd40214fa3a67a0861174a7) Importer(2089858483,0ecaa5967403d082aa24f35e1b516d23)
Start importing Assets/03.Models/Level Art/shovel.fbx using Guid(87f0eb128dd40214fa3a67a0861174a7) Importer(2089858483,0ecaa5967403d082aa24f35e1b516d23) Generated GUIDs only implemented for interfaces!
 -> (artifact id: '310552e08bc0c009eab76cfb66a59fdd') in 0.030654 seconds 
========================================================================
Received Import Request.
  Time since last request: 0.000041 seconds.
  path: Assets/03.Models/Level Art/shovelDirt.fbx
  artifactKey: Guid(088c6303db5b58649907d1856773fc61) Importer(2089858483,0ecaa5967403d082aa24f35e1b516d23)
Start importing Assets/03.Models/Level Art/shovelDirt.fbx using Guid(088c6303db5b58649907d1856773fc61) Importer(2089858483,0ecaa5967403d082aa24f35e1b516d23) Generated GUIDs only implemented for interfaces!
 -> (artifact id: '5a67741071f2963064682b8265a5b9df') in 0.029163 seconds 
========================================================================
Received Import Request.
  Time since last request: 0.000022 seconds.
  path: Assets/03.Models/Level Art/debris.fbx
  artifactKey: Guid(a1264b7d795ad364ea9d20ac3d27bfaf) Importer(2089858483,0ecaa5967403d082aa24f35e1b516d23)
Start importing Assets/03.Models/Level Art/debris.fbx using Guid(a1264b7d795ad364ea9d20ac3d27bfaf) Importer(2089858483,0ecaa5967403d082aa24f35e1b516d23) Generated GUIDs only implemented for interfaces!
 -> (artifact id: 'a52d64760f5667bccd2845c07c27ce07') in 0.025687 seconds 
========================================================================
Received Import Request.
  Time since last request: 0.000020 seconds.
  path: Assets/04.Materials/Alternate_Dirt.mat
  artifactKey: Guid(7c7e5c1072bdb4a1fbde675e686cd480) Importer(2089858483,0ecaa5967403d082aa24f35e1b516d23)
Start importing Assets/04.Materials/Alternate_Dirt.mat using Guid(7c7e5c1072bdb4a1fbde675e686cd480) Importer(2089858483,0ecaa5967403d082aa24f35e1b516d23) Generated GUIDs only implemented for interfaces!
 -> (artifact id: '5ef4967e9a62fd4a38b8928871369e3c') in 0.013445 seconds 
========================================================================
Received Import Request.
  Time since last request: 0.000020 seconds.
  path: Assets/02.Prefabs/ShellEjectEffect.prefab
  artifactKey: Guid(8e60b325a019543cbb2e3920522a2e6b) Importer(2089858483,0ecaa5967403d082aa24f35e1b516d23)
Start importing Assets/02.Prefabs/ShellEjectEffect.prefab using Guid(8e60b325a019543cbb2e3920522a2e6b) Importer(2089858483,0ecaa5967403d082aa24f35e1b516d23) Generated GUIDs only implemented for interfaces!
 -> (artifact id: 'fe627e4843b4b3b924284dd1a815f588') in 0.127880 seconds 
========================================================================
Received Import Request.
  Time since last request: 0.000027 seconds.
  path: Assets/04.Materials/Coin.mat
  artifactKey: Guid(190806c901b524f8781390fc6c99143a) Importer(2089858483,0ecaa5967403d082aa24f35e1b516d23)
Start importing Assets/04.Materials/Coin.mat using Guid(190806c901b524f8781390fc6c99143a) Importer(2089858483,0ecaa5967403d082aa24f35e1b516d23) Generated GUIDs only implemented for interfaces!
 -> (artifact id: '1115d13ca44dc149b7aee54dd3964bc8') in 0.031081 seconds 
========================================================================
Received Import Request.
  Time since last request: 0.000034 seconds.
  path: Assets/00.Scenes/SampleScene.unity
  artifactKey: Guid(9fc0d4010bbf28b4594072e72b8655ab) Importer(2089858483,0ecaa5967403d082aa24f35e1b516d23)
Start importing Assets/00.Scenes/SampleScene.unity using Guid(9fc0d4010bbf28b4594072e72b8655ab) Importer(2089858483,0ecaa5967403d082aa24f35e1b516d23) Generated GUIDs only implemented for interfaces!
 -> (artifact id: '47352ac43eff3011b1364b94d08d49b9') in 0.009322 seconds 
========================================================================
Received Import Request.
  Time since last request: 0.000034 seconds.
  path: Assets/03.Models/Level Art/fence.fbx
  artifactKey: Guid(ff49343d51d2ae44fa1106075f00e721) Importer(2089858483,0ecaa5967403d082aa24f35e1b516d23)
Start importing Assets/03.Models/Level Art/fence.fbx using Guid(ff49343d51d2ae44fa1106075f00e721) Importer(2089858483,0ecaa5967403d082aa24f35e1b516d23) Generated GUIDs only implemented for interfaces!
 -> (artifact id: '2e29adb9c5ca0486d0fcd178d1022601') in 0.039101 seconds 
========================================================================
Received Import Request.
  Time since last request: 0.000020 seconds.
  path: Assets/06.Textures/SmokePuffNormalSheet.tif
  artifactKey: Guid(3bc01580ce4f1834eb3562397607f51d) Importer(2089858483,0ecaa5967403d082aa24f35e1b516d23)
Start importing Assets/06.Textures/SmokePuffNormalSheet.tif using Guid(3bc01580ce4f1834eb3562397607f51d) Importer(2089858483,0ecaa5967403d082aa24f35e1b516d23) Generated GUIDs only implemented for interfaces!
 -> (artifact id: '2e79f34623e456bec9d917dd488b9503') in 0.049782 seconds 
========================================================================
Received Import Request.
  Time since last request: 0.000031 seconds.
  path: Assets/08.Audios/Woman Die.ogg
  artifactKey: Guid(4265c953ea2b74edabac0c972182dcba) Importer(2089858483,0ecaa5967403d082aa24f35e1b516d23)
Start importing Assets/08.Audios/Woman Die.ogg using Guid(4265c953ea2b74edabac0c972182dcba) Importer(2089858483,0ecaa5967403d082aa24f35e1b516d23) Generated GUIDs only implemented for interfaces!
 -> (artifact id: '627db983d17189ecf76beb3c86dd8964') in 0.059341 seconds 
========================================================================
Received Import Request.
  Time since last request: 0.000017 seconds.
  path: Assets/00.Scenes/Main/ReflectionProbe-0.exr
  artifactKey: Guid(9644435aae4517047b42b3b6f9305b04) Importer(2089858483,0ecaa5967403d082aa24f35e1b516d23)
Start importing Assets/00.Scenes/Main/ReflectionProbe-0.exr using Guid(9644435aae4517047b42b3b6f9305b04) Importer(2089858483,0ecaa5967403d082aa24f35e1b516d23) Generated GUIDs only implemented for interfaces!
 -> (artifact id: 'dc53b0b5cf946b4e6895413f567f53b0') in 0.033571 seconds 
========================================================================
Received Import Request.
  Time since last request: 0.000030 seconds.
  path: Assets/04.Materials/FlameRoundYellowParticle.mat
  artifactKey: Guid(d7f098ed9997e714193be5e86df013f4) Importer(2089858483,0ecaa5967403d082aa24f35e1b516d23)
Start importing Assets/04.Materials/FlameRoundYellowParticle.mat using Guid(d7f098ed9997e714193be5e86df013f4) Importer(2089858483,0ecaa5967403d082aa24f35e1b516d23) Generated GUIDs only implemented for interfaces!
 -> (artifact id: '731500ecd70abf2717318bc4c30baf39') in 0.019128 seconds 
========================================================================
Received Import Request.
  Time since last request: 0.000031 seconds.
  path: Assets/04.Materials/wood.mat
  artifactKey: Guid(e3c8546e4b2e3154eb02b0e326c3428d) Importer(2089858483,0ecaa5967403d082aa24f35e1b516d23)
Start importing Assets/04.Materials/wood.mat using Guid(e3c8546e4b2e3154eb02b0e326c3428d) Importer(2089858483,0ecaa5967403d082aa24f35e1b516d23) Generated GUIDs only implemented for interfaces!
 -> (artifact id: '6a4129f894cf6069306e69b70948160b') in 0.012116 seconds 
========================================================================
Received Import Request.
  Time since last request: 0.000019 seconds.
  path: Assets/02.Prefabs/ParticlesLight.prefab
  artifactKey: Guid(fa35d75604d172d48b7a6b62a07c7dbf) Importer(2089858483,0ecaa5967403d082aa24f35e1b516d23)
Start importing Assets/02.Prefabs/ParticlesLight.prefab using Guid(fa35d75604d172d48b7a6b62a07c7dbf) Importer(2089858483,0ecaa5967403d082aa24f35e1b516d23) Generated GUIDs only implemented for interfaces!
 -> (artifact id: '421e0f041f52008d1d2a9b5c7f57d6ad') in 0.018653 seconds 
========================================================================
Received Import Request.
  Time since last request: 0.000028 seconds.
  path: Assets/05.Animations/Zombie Animator.controller
  artifactKey: Guid(8eebe7519312a5c4eaeed6cd5ebb0411) Importer(2089858483,0ecaa5967403d082aa24f35e1b516d23)
Start importing Assets/05.Animations/Zombie Animator.controller using Guid(8eebe7519312a5c4eaeed6cd5ebb0411) Importer(2089858483,0ecaa5967403d082aa24f35e1b516d23) Generated GUIDs only implemented for interfaces!
 -> (artifact id: '2d10e33fea18f8cd3415fd0716e5d09e') in 0.138425 seconds 
========================================================================
Received Import Request.
  Time since last request: 0.000026 seconds.
  path: Assets/05.Animations/ShooterAnimator.controller
  artifactKey: Guid(dc7f0d1308d0bd1499a8fee0eea23f08) Importer(2089858483,0ecaa5967403d082aa24f35e1b516d23)
Start importing Assets/05.Animations/ShooterAnimator.controller using Guid(dc7f0d1308d0bd1499a8fee0eea23f08) Importer(2089858483,0ecaa5967403d082aa24f35e1b516d23) Generated GUIDs only implemented for interfaces!
 -> (artifact id: '0bf049a1d810f7175f7569b57fcabcf2') in 0.187560 seconds 
========================================================================
Received Import Request.
  Time since last request: 0.000026 seconds.
  path: Assets/08.Audios/Gun Shoot.wav
  artifactKey: Guid(b82a66dab749415458d1f6600c997095) Importer(2089858483,0ecaa5967403d082aa24f35e1b516d23)
Start importing Assets/08.Audios/Gun Shoot.wav using Guid(b82a66dab749415458d1f6600c997095) Importer(2089858483,0ecaa5967403d082aa24f35e1b516d23) Generated GUIDs only implemented for interfaces!
 -> (artifact id: '7790fdb5fc0955b3b79f7eb9afeecae1') in 0.064920 seconds 
========================================================================
Received Import Request.
  Time since last request: 0.000043 seconds.
  path: Assets/05.Animations/Humanoid Run.anim
  artifactKey: Guid(5e4ae6245765bc043bb0769f060ac73c) Importer(2089858483,0ecaa5967403d082aa24f35e1b516d23)
Start importing Assets/05.Animations/Humanoid Run.anim using Guid(5e4ae6245765bc043bb0769f060ac73c) Importer(2089858483,0ecaa5967403d082aa24f35e1b516d23) Generated GUIDs only implemented for interfaces!
 -> (artifact id: '22ed47d34345ef67e5a84348bf64dcec') in 0.035021 seconds 
========================================================================
Received Import Request.
  Time since last request: 0.000019 seconds.
  path: Assets/03.Models/Level Art/pillarObelisk.fbx
  artifactKey: Guid(9d32b2c3211754741be04e77b1f7e1f1) Importer(2089858483,0ecaa5967403d082aa24f35e1b516d23)
Start importing Assets/03.Models/Level Art/pillarObelisk.fbx using Guid(9d32b2c3211754741be04e77b1f7e1f1) Importer(2089858483,0ecaa5967403d082aa24f35e1b516d23) Generated GUIDs only implemented for interfaces!
 -> (artifact id: 'cc0f5907258b7809155c4cc2b2eaca67') in 0.022743 seconds 
========================================================================
Received Import Request.
  Time since last request: 0.000025 seconds.
  path: Assets/03.Models/Level Art/fenceIronBorder.fbx
  artifactKey: Guid(a63b49226ab815941ab7641e40d48ad6) Importer(2089858483,0ecaa5967403d082aa24f35e1b516d23)
Start importing Assets/03.Models/Level Art/fenceIronBorder.fbx using Guid(a63b49226ab815941ab7641e40d48ad6) Importer(2089858483,0ecaa5967403d082aa24f35e1b516d23) Generated GUIDs only implemented for interfaces!
 -> (artifact id: 'c2a688e27dfb51ccb23dfaf77cb852ff') in 0.043534 seconds 
========================================================================
Received Import Request.
  Time since last request: 0.000022 seconds.
  path: Assets/03.Models/Level Art/fenceIronBorderPillar.fbx
  artifactKey: Guid(3b92048e45df415429b4bb59eb913f85) Importer(2089858483,0ecaa5967403d082aa24f35e1b516d23)
Start importing Assets/03.Models/Level Art/fenceIronBorderPillar.fbx using Guid(3b92048e45df415429b4bb59eb913f85) Importer(2089858483,0ecaa5967403d082aa24f35e1b516d23) Generated GUIDs only implemented for interfaces!
 -> (artifact id: 'cc15543abda8f7660308993c59dd7e4c') in 0.042343 seconds 
========================================================================
Received Import Request.
  Time since last request: 0.000024 seconds.
  path: Assets/03.Models/Level Art/lanternDouble.fbx
  artifactKey: Guid(58bcc37c0606832498edb1579dd6fe08) Importer(2089858483,0ecaa5967403d082aa24f35e1b516d23)
Start importing Assets/03.Models/Level Art/lanternDouble.fbx using Guid(58bcc37c0606832498edb1579dd6fe08) Importer(2089858483,0ecaa5967403d082aa24f35e1b516d23) Generated GUIDs only implemented for interfaces!
 -> (artifact id: '620b40273603d8800027424cfd68bc8f') in 0.023734 seconds 
========================================================================
Received Import Request.
  Time since last request: 0.000026 seconds.
  path: Assets/03.Models/Level Art/gravestoneBroken.fbx
  artifactKey: Guid(7894177ae03f8de49ba5c46fd331b9ca) Importer(2089858483,0ecaa5967403d082aa24f35e1b516d23)
Start importing Assets/03.Models/Level Art/gravestoneBroken.fbx using Guid(7894177ae03f8de49ba5c46fd331b9ca) Importer(2089858483,0ecaa5967403d082aa24f35e1b516d23) Generated GUIDs only implemented for interfaces!
 -> (artifact id: '2bc599d47f7299c5c351006caf743857') in 0.027684 seconds 
========================================================================
Received Import Request.
  Time since last request: 0.000035 seconds.
  path: Assets/03.Models/ShellCasing.FBX
  artifactKey: Guid(39af8eb310699cb4dac88a1ce9577c85) Importer(2089858483,0ecaa5967403d082aa24f35e1b516d23)
Start importing Assets/03.Models/ShellCasing.FBX using Guid(39af8eb310699cb4dac88a1ce9577c85) Importer(2089858483,0ecaa5967403d082aa24f35e1b516d23) Generated GUIDs only implemented for interfaces!
 -> (artifact id: '42a44588a3165ce47caccde20e826f67') in 0.031570 seconds 
========================================================================
Received Import Request.
  Time since last request: 0.000032 seconds.
  path: Assets/03.Models/Level Art/trunk.fbx
  artifactKey: Guid(f6684beaf24bbe241ac4217c676f1330) Importer(2089858483,0ecaa5967403d082aa24f35e1b516d23)
Start importing Assets/03.Models/Level Art/trunk.fbx using Guid(f6684beaf24bbe241ac4217c676f1330) Importer(2089858483,0ecaa5967403d082aa24f35e1b516d23) Generated GUIDs only implemented for interfaces!
 -> (artifact id: 'db0fb0f0d5c9ce17ccfe5cc4ad61d334') in 0.041462 seconds 
========================================================================
Received Import Request.
  Time since last request: 0.000024 seconds.
  path: Assets/03.Models/Level Art/crypt.fbx
  artifactKey: Guid(d9b23c7e2fbe97b40a97d1b7881e9833) Importer(2089858483,0ecaa5967403d082aa24f35e1b516d23)
Start importing Assets/03.Models/Level Art/crypt.fbx using Guid(d9b23c7e2fbe97b40a97d1b7881e9833) Importer(2089858483,0ecaa5967403d082aa24f35e1b516d23) Generated GUIDs only implemented for interfaces!
 -> (artifact id: '6d8d85d102c624ea12ab7e122e07b884') in 0.030211 seconds 
========================================================================
Received Import Request.
  Time since last request: 0.000024 seconds.
  path: Assets/05.Animations/Reload.anim
  artifactKey: Guid(da652e5dee81e1e4fb45856c799c0268) Importer(2089858483,0ecaa5967403d082aa24f35e1b516d23)
Start importing Assets/05.Animations/Reload.anim using Guid(da652e5dee81e1e4fb45856c799c0268) Importer(2089858483,0ecaa5967403d082aa24f35e1b516d23) Generated GUIDs only implemented for interfaces!
 -> (artifact id: '7a5b2bda71d1a1b77cab5845ab805488') in 0.033390 seconds 
========================================================================
Received Import Request.
  Time since last request: 0.000023 seconds.
  path: Assets/04.Materials/DustPuffParticle.mat
  artifactKey: Guid(1402721190994cd46b64bf7cba78f5d8) Importer(2089858483,0ecaa5967403d082aa24f35e1b516d23)
Start importing Assets/04.Materials/DustPuffParticle.mat using Guid(1402721190994cd46b64bf7cba78f5d8) Importer(2089858483,0ecaa5967403d082aa24f35e1b516d23) Generated GUIDs only implemented for interfaces!
 -> (artifact id: '0203aa50f56f50832b6f82ea6c443025') in 0.024221 seconds 
========================================================================
Received Import Request.
  Time since last request: 0.000035 seconds.
  path: Assets/04.Materials/stone.mat
  artifactKey: Guid(0e1d04ffdfec3a34a9d7884aed510d1c) Importer(2089858483,0ecaa5967403d082aa24f35e1b516d23)
Start importing Assets/04.Materials/stone.mat using Guid(0e1d04ffdfec3a34a9d7884aed510d1c) Importer(2089858483,0ecaa5967403d082aa24f35e1b516d23) Generated GUIDs only implemented for interfaces!
 -> (artifact id: '01ed02b9ce228fee93850bb5ac67fce3') in 0.012916 seconds 
========================================================================
Received Import Request.
  Time since last request: 0.000021 seconds.
  path: Assets/03.Models/Level Art/Tiles.asset
  artifactKey: Guid(e30a816c4615c45cc8e550edb0c0f17b) Importer(2089858483,0ecaa5967403d082aa24f35e1b516d23)
Start importing Assets/03.Models/Level Art/Tiles.asset using Guid(e30a816c4615c45cc8e550edb0c0f17b) Importer(2089858483,0ecaa5967403d082aa24f35e1b516d23) Generated GUIDs only implemented for interfaces!
 -> (artifact id: 'f116a7b42f36545ced9e3d2b1ac08c6b') in 0.032148 seconds 
========================================================================
Received Import Request.
  Time since last request: 0.000024 seconds.
  path: Assets/07.Sprites/frame.png
  artifactKey: Guid(570c2d63c0cdf48029814252057afe73) Importer(2089858483,0ecaa5967403d082aa24f35e1b516d23)
Start importing Assets/07.Sprites/frame.png using Guid(570c2d63c0cdf48029814252057afe73) Importer(2089858483,0ecaa5967403d082aa24f35e1b516d23) Generated GUIDs only implemented for interfaces!
 -> (artifact id: '235eaa6b2ba05fce0420db998d3ef8e9') in 0.039683 seconds 
========================================================================
Received Import Request.
  Time since last request: 0.000024 seconds.
  path: Assets/03.Models/Level Art/bench.fbx
  artifactKey: Guid(5b77a2cb0406e3f4d8346d7942a15177) Importer(2089858483,0ecaa5967403d082aa24f35e1b516d23)
Start importing Assets/03.Models/Level Art/bench.fbx using Guid(5b77a2cb0406e3f4d8346d7942a15177) Importer(2089858483,0ecaa5967403d082aa24f35e1b516d23) Generated GUIDs only implemented for interfaces!
 -> (artifact id: '84f883354c09e1062df59d3cf969aab6') in 0.060545 seconds 
========================================================================
Received Import Request.
  Time since last request: 0.000030 seconds.
  path: Assets/03.Models/Level Art/gravestoneRound.fbx
  artifactKey: Guid(2f56a0cd28c3a0e479fea419de40f74c) Importer(2089858483,0ecaa5967403d082aa24f35e1b516d23)
Start importing Assets/03.Models/Level Art/gravestoneRound.fbx using Guid(2f56a0cd28c3a0e479fea419de40f74c) Importer(2089858483,0ecaa5967403d082aa24f35e1b516d23) Generated GUIDs only implemented for interfaces!
 -> (artifact id: '1447c32dcbe45e060b102961a8f21890') in 0.059491 seconds 
========================================================================
Received Import Request.
  Time since last request: 0.000019 seconds.
  path: Assets/03.Models/Level Art/gravestoneFlatOpen.fbx
  artifactKey: Guid(94462e26d9ad4164caf7ef44604913e4) Importer(2089858483,0ecaa5967403d082aa24f35e1b516d23)
Start importing Assets/03.Models/Level Art/gravestoneFlatOpen.fbx using Guid(94462e26d9ad4164caf7ef44604913e4) Importer(2089858483,0ecaa5967403d082aa24f35e1b516d23) Generated GUIDs only implemented for interfaces!
 -> (artifact id: 'c7b080d020681d2907df327df422df25') in 0.035418 seconds 
========================================================================
Received Import Request.
  Time since last request: 0.000020 seconds.
  path: Assets/04.Materials/metal.mat
  artifactKey: Guid(5bf0f2c3a9c57564ebe2dc5101981635) Importer(2089858483,0ecaa5967403d082aa24f35e1b516d23)
Start importing Assets/04.Materials/metal.mat using Guid(5bf0f2c3a9c57564ebe2dc5101981635) Importer(2089858483,0ecaa5967403d082aa24f35e1b516d23) Generated GUIDs only implemented for interfaces!
 -> (artifact id: '66bb4bbd97cb66c92808c0e558524924') in 0.012948 seconds 
========================================================================
Received Import Request.
  Time since last request: 0.000022 seconds.
  path: Assets/00.Scenes/Main.unity
  artifactKey: Guid(460cfa8d8e41a394e9424ab7a6b6c142) Importer(2089858483,0ecaa5967403d082aa24f35e1b516d23)
Start importing Assets/00.Scenes/Main.unity using Guid(460cfa8d8e41a394e9424ab7a6b6c142) Importer(2089858483,0ecaa5967403d082aa24f35e1b516d23) Generated GUIDs only implemented for interfaces!
 -> (artifact id: 'dd0c33616b3688bd8981ab05589f0eda') in 0.009546 seconds 
========================================================================
Received Import Request.
  Time since last request: 0.000020 seconds.
  path: Assets/08.Audios/Pick Up.ogg
  artifactKey: Guid(519ad2e4de69341948a938bf2a31e33b) Importer(2089858483,0ecaa5967403d082aa24f35e1b516d23)
Start importing Assets/08.Audios/Pick Up.ogg using Guid(519ad2e4de69341948a938bf2a31e33b) Importer(2089858483,0ecaa5967403d082aa24f35e1b516d23) Generated GUIDs only implemented for interfaces!
 -> (artifact id: 'ef9a04354db4975aac426be4ffa5b341') in 0.060750 seconds 
========================================================================
Received Import Request.
  Time since last request: 0.000027 seconds.
  path: Assets/Fonts/License.txt
  artifactKey: Guid(f3f7a1de42e61455c8691f40ce3cf38f) Importer(2089858483,0ecaa5967403d082aa24f35e1b516d23)
Start importing Assets/Fonts/License.txt using Guid(f3f7a1de42e61455c8691f40ce3cf38f) Importer(2089858483,0ecaa5967403d082aa24f35e1b516d23) Generated GUIDs only implemented for interfaces!
 -> (artifact id: '089c591cbd52c7f0e94181d9ff299cbb') in 0.032364 seconds 
========================================================================
Received Import Request.
  Time since last request: 0.000032 seconds.
  path: Assets/03.Models/Level Art/gravestoneDebris.fbx
  artifactKey: Guid(e5c0ba2f300327f4f8d761f7284d39d2) Importer(2089858483,0ecaa5967403d082aa24f35e1b516d23)
Start importing Assets/03.Models/Level Art/gravestoneDebris.fbx using Guid(e5c0ba2f300327f4f8d761f7284d39d2) Importer(2089858483,0ecaa5967403d082aa24f35e1b516d23) Generated GUIDs only implemented for interfaces!
 -> (artifact id: '39c77c97eecc48c73164ff705a7f30b3') in 0.024862 seconds 
========================================================================
Received Import Request.
  Time since last request: 0.000020 seconds.
  path: Assets/02.Prefabs/HUD Canvas.prefab
  artifactKey: Guid(63226789a2ac34fec8493b064c47bd44) Importer(2089858483,0ecaa5967403d082aa24f35e1b516d23)
Start importing Assets/02.Prefabs/HUD Canvas.prefab using Guid(63226789a2ac34fec8493b064c47bd44) Importer(2089858483,0ecaa5967403d082aa24f35e1b516d23) Generated GUIDs only implemented for interfaces!
 -> (artifact id: 'f7529cc82d0473364415d86485f9ac8f') in 0.053225 seconds 
========================================================================
Received Import Request.
  Time since last request: 0.000023 seconds.
  path: Assets/02.Prefabs/HealthPack.prefab
  artifactKey: Guid(b4e7df10a580e4a1a88a79995b741816) Importer(2089858483,0ecaa5967403d082aa24f35e1b516d23)
Start importing Assets/02.Prefabs/HealthPack.prefab using Guid(b4e7df10a580e4a1a88a79995b741816) Importer(2089858483,0ecaa5967403d082aa24f35e1b516d23) Generated GUIDs only implemented for interfaces!
 -> (artifact id: '562d8a63ea1e9f6b2be85c76adc4a7e7') in 0.017335 seconds 
========================================================================
Received Import Request.
  Time since last request: 0.000031 seconds.
  path: Assets/04.Materials/SmokeLightParticle.mat
  artifactKey: Guid(f06455b167e1b0b428c9af62d7aa6832) Importer(2089858483,0ecaa5967403d082aa24f35e1b516d23)
Start importing Assets/04.Materials/SmokeLightParticle.mat using Guid(f06455b167e1b0b428c9af62d7aa6832) Importer(2089858483,0ecaa5967403d082aa24f35e1b516d23) Generated GUIDs only implemented for interfaces!
 -> (artifact id: '460fb74c6fb3f1f1b3cbe0c0d4720e5d') in 0.023590 seconds 
========================================================================
Received Import Request.
  Time since last request: 0.000026 seconds.
  path: Assets/03.Models/Level Art/coffin.fbx
  artifactKey: Guid(ec3dad5b4f3763542be46c2033e7df4a) Importer(2089858483,0ecaa5967403d082aa24f35e1b516d23)
Start importing Assets/03.Models/Level Art/coffin.fbx using Guid(ec3dad5b4f3763542be46c2033e7df4a) Importer(2089858483,0ecaa5967403d082aa24f35e1b516d23) Generated GUIDs only implemented for interfaces!
 -> (artifact id: 'd5509b18e652a68a6ca6fd41ba5a1e23') in 0.026413 seconds 
========================================================================
Received Import Request.
  Time since last request: 0.000027 seconds.
  path: Assets/04.Materials/MuzzleFlashParticle.mat
  artifactKey: Guid(527027c8baf2f0540be3104a3ec38a99) Importer(2089858483,0ecaa5967403d082aa24f35e1b516d23)
Start importing Assets/04.Materials/MuzzleFlashParticle.mat using Guid(527027c8baf2f0540be3104a3ec38a99) Importer(2089858483,0ecaa5967403d082aa24f35e1b516d23) Generated GUIDs only implemented for interfaces!
 -> (artifact id: '757bf58be9f05268dede51c717a976f1') in 0.021608 seconds 
========================================================================
Received Import Request.
  Time since last request: 0.000030 seconds.
  path: Assets/04.Materials/Grass.mat
  artifactKey: Guid(32d4c6ca8b8b94c0fb75f01f06d0d8ed) Importer(2089858483,0ecaa5967403d082aa24f35e1b516d23)
Start importing Assets/04.Materials/Grass.mat using Guid(32d4c6ca8b8b94c0fb75f01f06d0d8ed) Importer(2089858483,0ecaa5967403d082aa24f35e1b516d23) Generated GUIDs only implemented for interfaces!
 -> (artifact id: '8b6e4a58bb48193eea4d129e830bef1b') in 0.013925 seconds 
========================================================================
Received Import Request.
  Time since last request: 0.000023 seconds.
  path: Assets/08.Audios/Music.mp3
  artifactKey: Guid(33a48263b70b34405ba79e06e039919c) Importer(2089858483,0ecaa5967403d082aa24f35e1b516d23)
Start importing Assets/08.Audios/Music.mp3 using Guid(33a48263b70b34405ba79e06e039919c) Importer(2089858483,0ecaa5967403d082aa24f35e1b516d23) Generated GUIDs only implemented for interfaces!
 -> (artifact id: 'fcc4f1f63687caddfbdbd5e459872814') in 0.052686 seconds 
========================================================================
Received Import Request.
  Time since last request: 0.000038 seconds.
  path: Assets/04.Materials/Gold.mat
  artifactKey: Guid(0b1a09e88ee404aeb9a7fe9516ee7a19) Importer(2089858483,0ecaa5967403d082aa24f35e1b516d23)
Start importing Assets/04.Materials/Gold.mat using Guid(0b1a09e88ee404aeb9a7fe9516ee7a19) Importer(2089858483,0ecaa5967403d082aa24f35e1b516d23) Generated GUIDs only implemented for interfaces!
 -> (artifact id: '1ae84d378f3fd530a46511c05a69e2c4') in 0.020518 seconds 
========================================================================
Received Import Request.
  Time since last request: 0.000027 seconds.
  path: Assets/04.Materials/Water.mat
  artifactKey: Guid(6617b103cabcb4150adc8dfa6d5a574d) Importer(2089858483,0ecaa5967403d082aa24f35e1b516d23)
Start importing Assets/04.Materials/Water.mat using Guid(6617b103cabcb4150adc8dfa6d5a574d) Importer(2089858483,0ecaa5967403d082aa24f35e1b516d23) Generated GUIDs only implemented for interfaces!
 -> (artifact id: '6d19a9c74c47d01f800999f0985b2906') in 0.019297 seconds 
========================================================================
Received Import Request.
  Time since last request: 0.000030 seconds.
  path: Assets/04.Materials/BloodSplatParticle.mat
  artifactKey: Guid(3ea2e59d181ffce4e97d5d1d07a22c05) Importer(2089858483,0ecaa5967403d082aa24f35e1b516d23)
Start importing Assets/04.Materials/BloodSplatParticle.mat using Guid(3ea2e59d181ffce4e97d5d1d07a22c05) Importer(2089858483,0ecaa5967403d082aa24f35e1b516d23) Generated GUIDs only implemented for interfaces!
 -> (artifact id: '168a596911d7a84be4314713ecb88f28') in 0.045421 seconds 
========================================================================
Received Import Request.
  Time since last request: 0.000025 seconds.
  path: Assets/08.Audios/Woman Damage.ogg
  artifactKey: Guid(cbfb3a79860ac42c89b09fc131ef4b61) Importer(2089858483,0ecaa5967403d082aa24f35e1b516d23)
Start importing Assets/08.Audios/Woman Damage.ogg using Guid(cbfb3a79860ac42c89b09fc131ef4b61) Importer(2089858483,0ecaa5967403d082aa24f35e1b516d23) Generated GUIDs only implemented for interfaces!
 -> (artifact id: '288f4ed897866f722a5e86bc7383e5fa') in 0.065215 seconds 
========================================================================
Received Import Request.
  Time since last request: 0.000018 seconds.
  path: Assets/03.Models/Level Art/gravestoneCross.fbx
  artifactKey: Guid(609a3da0ed2cb6e4ebbd5f142e868f14) Importer(2089858483,0ecaa5967403d082aa24f35e1b516d23)
Start importing Assets/03.Models/Level Art/gravestoneCross.fbx using Guid(609a3da0ed2cb6e4ebbd5f142e868f14) Importer(2089858483,0ecaa5967403d082aa24f35e1b516d23) Generated GUIDs only implemented for interfaces!
 -> (artifact id: '558c2282e19b46ede1e5dd00356f672a') in 0.025011 seconds 
========================================================================
Received Import Request.
  Time since last request: 0.000029 seconds.
  path: Assets/03.Models/Level Art/pillarSquare.fbx
  artifactKey: Guid(018d9bb6427bfab49b2dba97c96f9e88) Importer(2089858483,0ecaa5967403d082aa24f35e1b516d23)
Start importing Assets/03.Models/Level Art/pillarSquare.fbx using Guid(018d9bb6427bfab49b2dba97c96f9e88) Importer(2089858483,0ecaa5967403d082aa24f35e1b516d23) Generated GUIDs only implemented for interfaces!
 -> (artifact id: 'dc7cd031d9fb16c56172dd1ea72a42e7') in 0.042258 seconds 
========================================================================
Received Prepare
Refreshing native plugins compatible for Editor in 5.05 ms, found 3 plugins.
Preloading 0 native plugins for Editor in 0.00 ms.
Unloading 30 Unused Serialized files (Serialized files now loaded: 0)
Unloading 33 unused Assets / (1.4 MB). Loaded Objects now: 3793.
Memory consumption went from 134.1 MB to 132.7 MB.
Total: 5.314600 ms (FindLiveObjects: 0.352700 ms CreateObjectMapping: 0.293900 ms MarkObjects: 4.312400 ms  DeleteObjects: 0.354200 ms)

AssetImportParameters requested are different than current active one (requested -> active):
  custom:video-decoder-ogg-theora: a1e56fd34408186e4bbccfd4996cb3dc -> 
  custom:container-muxer-webm: aa71ff27fc2769a1b78a27578f13a17b -> 
  custom:container-demuxer-webm: 4f35f7cbe854078d1ac9338744f61a02 -> 
  custom:video-encoder-webm-vp8: eb34c28f22e8b96e1ab97ce403110664 -> 
  custom:audio-encoder-webm-vorbis: bf7c407c2cedff20999df2af8eb42d56 -> 
  custom:framework-win-MediaFoundation: 216162199b28c13a410421893ffa2e32 -> 
  custom:SearchIndexIgnoredProperties: e643bd26f0fe6173181afceb89e7c659 -> 
  custom:container-demuxer-ogg: 62fdf1f143b41e24485cea50d1cbac27 -> 
  custom:video-decoder-webm-vp8: 9c59270c3fd7afecdb556c50c9e8de78 -> 
  custom:audio-decoder-ogg-vorbis: bf7c407c2cedff20999df2af8eb42d56 -> 
========================================================================
Received Import Request.
  Time since last request: 2067.222890 seconds.
  path: Assets/05.Animations/Player Animator.controller
  artifactKey: Guid(18665cc9b48936849bb4edb0fc09f6c0) Importer(2089858483,0ecaa5967403d082aa24f35e1b516d23)
Start importing Assets/05.Animations/Player Animator.controller using Guid(18665cc9b48936849bb4edb0fc09f6c0) Importer(2089858483,0ecaa5967403d082aa24f35e1b516d23) Generated GUIDs only implemented for interfaces!
 -> (artifact id: 'ca14a5e783a4890d98429341dfc66b1f') in 0.168867 seconds 
========================================================================
Received Import Request.
  Time since last request: 0.000047 seconds.
  path: Assets/00.Scenes/Main.unity
  artifactKey: Guid(460cfa8d8e41a394e9424ab7a6b6c142) Importer(2089858483,0ecaa5967403d082aa24f35e1b516d23)
Start importing Assets/00.Scenes/Main.unity using Guid(460cfa8d8e41a394e9424ab7a6b6c142) Importer(2089858483,0ecaa5967403d082aa24f35e1b516d23) Generated GUIDs only implemented for interfaces!
 -> (artifact id: '12644a515eff297b484d8502b940aa6f') in 0.008738 seconds 
========================================================================
Received Prepare
Registering precompiled user dll's ...
Registered in 0.004301 seconds.
Begin MonoManager ReloadAssembly
Symbol file LoadedFromMemory doesn't match image D:\Unity\Zombie_Survival\Zombie-Survival\Library\PackageCache\com.unity.visualscripting@1.8.0\Editor\VisualScripting.Core\Dependencies\YamlDotNet\Unity.VisualScripting.YamlDotNet.dll
Symbol file LoadedFromMemory doesn't match image D:\Unity\Zombie_Survival\Zombie-Survival\Library\PackageCache\com.unity.visualscripting@1.8.0\Editor\VisualScripting.Core\Dependencies\DotNetZip\Unity.VisualScripting.IonicZip.dll
Native extension for WindowsStandalone target not found
Native extension for Android target not found
Refreshing native plugins compatible for Editor in 0.59 ms, found 3 plugins.
Preloading 0 native plugins for Editor in 0.00 ms.
Mono: successfully reloaded assembly
- Completed reload, in  1.449 seconds
Domain Reload Profiling:
	ReloadAssembly (1450ms)
		BeginReloadAssembly (231ms)
			ExecutionOrderSort (0ms)
			DisableScriptedObjects (6ms)
			BackupInstance (0ms)
			ReleaseScriptingObjects (0ms)
			CreateAndSetChildDomain (91ms)
		EndReloadAssembly (1089ms)
			LoadAssemblies (115ms)
			RebuildTransferFunctionScriptingTraits (0ms)
			SetupTypeCache (394ms)
			ReleaseScriptCaches (2ms)
			RebuildScriptCaches (61ms)
			SetupLoadedEditorAssemblies (466ms)
				LogAssemblyErrors (0ms)
				InitializePlatformSupportModulesInManaged (27ms)
				SetLoadedEditorAssemblies (1ms)
				RefreshPlugins (1ms)
				BeforeProcessingInitializeOnLoad (95ms)
				ProcessInitializeOnLoadAttributes (301ms)
				ProcessInitializeOnLoadMethodAttributes (29ms)
				AfterProcessingInitializeOnLoad (12ms)
				EditorAssembliesLoaded (0ms)
			ExecutionOrderSort2 (0ms)
			AwakeInstancesAfterBackupRestoration (9ms)
Platform modules already initialized, skipping
Refreshing native plugins compatible for Editor in 2.63 ms, found 3 plugins.
Preloading 0 native plugins for Editor in 0.00 ms.
Unloading 3307 Unused Serialized files (Serialized files now loaded: 0)
Unloading 30 unused Assets / (1.4 MB). Loaded Objects now: 3808.
Memory consumption went from 199.7 MB to 198.4 MB.
Total: 5.681900 ms (FindLiveObjects: 0.351200 ms CreateObjectMapping: 0.285500 ms MarkObjects: 4.622200 ms  DeleteObjects: 0.421400 ms)

AssetImportParameters requested are different than current active one (requested -> active):
  custom:video-decoder-ogg-theora: a1e56fd34408186e4bbccfd4996cb3dc -> 
  custom:container-muxer-webm: aa71ff27fc2769a1b78a27578f13a17b -> 
  custom:container-demuxer-webm: 4f35f7cbe854078d1ac9338744f61a02 -> 
  custom:video-encoder-webm-vp8: eb34c28f22e8b96e1ab97ce403110664 -> 
  custom:audio-encoder-webm-vorbis: bf7c407c2cedff20999df2af8eb42d56 -> 
  custom:framework-win-MediaFoundation: 216162199b28c13a410421893ffa2e32 -> 
  custom:SearchIndexIgnoredProperties: e643bd26f0fe6173181afceb89e7c659 -> 
  custom:container-demuxer-ogg: 62fdf1f143b41e24485cea50d1cbac27 -> 
  custom:video-decoder-webm-vp8: 9c59270c3fd7afecdb556c50c9e8de78 -> 
  custom:audio-decoder-ogg-vorbis: bf7c407c2cedff20999df2af8eb42d56 -> 
========================================================================
Received Import Request.
  Time since last request: 1508.833762 seconds.
  path: Assets/03.Models/Materials/Body_MAT.mat
  artifactKey: Guid(442b9da6093671c4db6429dc285bdd67) Importer(815301076,1909f56bfc062723c751e8b465ee728b)
Start importing Assets/03.Models/Materials/Body_MAT.mat using Guid(442b9da6093671c4db6429dc285bdd67) Importer(815301076,1909f56bfc062723c751e8b465ee728b)  -> (artifact id: '9761ec3b6b8daa8c76128943b74b0103') in 0.437002 seconds 
